  Camera.cpp
  D3DApp.cpp
C:\Users\Ko\source\repos\monster_gewehr\monster_gewehr\common\D3DApp.cpp(199,2): error C2102: '&'에 l-value가 있어야 합니다.
C:\Users\Ko\source\repos\monster_gewehr\monster_gewehr\common\D3DApp.cpp(216,72): error C2102: '&'에 l-value가 있어야 합니다.
C:\Users\Ko\source\repos\monster_gewehr\monster_gewehr\common\D3DApp.cpp(547,24): error C2664: 'HANDLE CreateEventExW(LPSECURITY_ATTRIBUTES,LPCWSTR,DWORD,DWORD)': 인수 2을(를) 'bool'에서 'LPCWSTR'(으)로 변환할 수 없습니다.
  C:\Users\Ko\source\repos\monster_gewehr\monster_gewehr\common\D3DApp.cpp(547,47):
  정수 계열 형식에서 포인터 형식으로 변환하려면 reinterpret_cast, C 스타일 캐스트 또는 괄호가 있는 함수 스타일 캐스트가 필요합니다.
  C:\Program Files (x86)\Windows Kits\10\Include\10.0.22621.0\um\synchapi.h(599,1):
  'CreateEventExW' 선언을 참조하십시오.
  C:\Users\Ko\source\repos\monster_gewehr\monster_gewehr\common\D3DApp.cpp(547,24):
  인수 목록 '(nullptr, bool, bool, long)'을(를) 일치시키는 동안
  
  d3dutil.cpp
C:\Users\Ko\source\repos\monster_gewehr\monster_gewehr\common\d3dutil.cpp(48,5): error C2102: '&'에 l-value가 있어야 합니다.
C:\Users\Ko\source\repos\monster_gewehr\monster_gewehr\common\d3dutil.cpp(58,5): error C2102: '&'에 l-value가 있어야 합니다.
C:\Users\Ko\source\repos\monster_gewehr\monster_gewehr\common\d3dutil.cpp(76,67): error C2102: '&'에 l-value가 있어야 합니다.
C:\Users\Ko\source\repos\monster_gewehr\monster_gewehr\common\d3dutil.cpp(79,67): error C2102: '&'에 l-value가 있어야 합니다.
  DDSTextureLoader.cpp
C:\Users\Ko\source\repos\monster_gewehr\monster_gewehr\common\DDSTextureLoader.cpp(1273,28): error C2102: '&'에 l-value가 있어야 합니다.
C:\Users\Ko\source\repos\monster_gewehr\monster_gewehr\common\DDSTextureLoader.cpp(1292,29): error C2102: '&'에 l-value가 있어야 합니다.
C:\Users\Ko\source\repos\monster_gewehr\monster_gewehr\common\DDSTextureLoader.cpp(1294,35): error C2102: '&'에 l-value가 있어야 합니다.
C:\Users\Ko\source\repos\monster_gewehr\monster_gewehr\common\DDSTextureLoader.cpp(1305,70): error C2102: '&'에 l-value가 있어야 합니다.
C:\Users\Ko\source\repos\monster_gewehr\monster_gewehr\common\DDSTextureLoader.cpp(1311,70): error C2102: '&'에 l-value가 있어야 합니다.
  GameTimer.cpp
  GeometryGenerator.cpp
  MathHelper.cpp
  main.cpp
C:\Users\Ko\source\repos\monster_gewehr\monster_gewehr\main.cpp(94,87): error C2102: '&'에 l-value가 있어야 합니다.
C:\Users\Ko\source\repos\monster_gewehr\monster_gewehr\main.cpp(94,60): error C2102: '&'에 l-value가 있어야 합니다.
C:\Users\Ko\source\repos\monster_gewehr\monster_gewehr\main.cpp(82,72): error C2102: '&'에 l-value가 있어야 합니다.
C:\Users\Ko\source\repos\monster_gewehr\monster_gewehr\main.cpp(97,72): error C2102: '&'에 l-value가 있어야 합니다.
